<?xml version="1.0" encoding="UTF-8"?>
<testsuite name="houseoflagman.HouseoflagmanApplicationTests" tests="1" skipped="0" failures="0" errors="0" timestamp="2026-05-29T19:36:27.012Z" hostname="MacBook-Pro-von-Ayse.local" time="0.219">
  <properties/>
  <testcase name="contextLoads()" classname="houseoflagman.HouseoflagmanApplicationTests" time="0.219"/>
  <system-out><![CDATA[Standard Commons Logging discovery in action with spring-jcl: please remove commons-logging.jar from classpath in order to avoid potential conflicts
21:36:25.477 [Test worker] INFO org.springframework.test.context.support.AnnotationConfigContextLoaderUtils -- Could not detect default configuration classes for test class [houseoflagman.HouseoflagmanApplicationTests]: HouseoflagmanApplicationTests does not declare any static, non-private, non-final, nested classes annotated with @Configuration.
21:36:25.509 [Test worker] INFO org.springframework.boot.test.context.SpringBootTestContextBootstrapper -- Found @SpringBootConfiguration houseoflagman.HouseoflagmanApplication for test class houseoflagman.HouseoflagmanApplicationTests

  .   ____          _            __ _ _
 /\\ / ___'_ __ _ _(_)_ __  __ _ \ \ \ \
( ( )\___ | '_ | '_| | '_ \/ _` | \ \ \ \
 \\/  ___)| |_)| | | | | || (_| |  ) ) ) )
  '  |____| .__|_| |_|_| |_\__, | / / / /
 =========|_|==============|___/=/_/_/_/

 :: Spring Boot ::               (v3.5.14)

2026-05-29T21:36:25.636+02:00  INFO 13269 --- [houseoflagman] [    Test worker] h.HouseoflagmanApplicationTests          : Starting HouseoflagmanApplicationTests using Java 21.0.11 with PID 13269 (started by aysesoy in /Users/aysesoy/Downloads/houseoflagman)
2026-05-29T21:36:25.637+02:00  INFO 13269 --- [houseoflagman] [    Test worker] h.HouseoflagmanApplicationTests          : No active profile set, falling back to 1 default profile: "default"
2026-05-29T21:36:25.862+02:00  INFO 13269 --- [houseoflagman] [    Test worker] .s.d.r.c.RepositoryConfigurationDelegate : Bootstrapping Spring Data JPA repositories in DEFAULT mode.
2026-05-29T21:36:25.881+02:00  INFO 13269 --- [houseoflagman] [    Test worker] .s.d.r.c.RepositoryConfigurationDelegate : Finished Spring Data repository scanning in 16 ms. Found 4 JPA repository interfaces.
2026-05-29T21:36:26.043+02:00  INFO 13269 --- [houseoflagman] [    Test worker] o.hibernate.jpa.internal.util.LogHelper  : HHH000204: Processing PersistenceUnitInfo [name: default]
2026-05-29T21:36:26.060+02:00  INFO 13269 --- [houseoflagman] [    Test worker] org.hibernate.Version                    : HHH000412: Hibernate ORM core version 6.6.49.Final
2026-05-29T21:36:26.071+02:00  INFO 13269 --- [houseoflagman] [    Test worker] o.h.c.internal.RegionFactoryInitiator    : HHH000026: Second-level cache disabled
2026-05-29T21:36:26.151+02:00  INFO 13269 --- [houseoflagman] [    Test worker] o.s.o.j.p.SpringPersistenceUnitInfo      : No LoadTimeWeaver setup: ignoring JPA class transformer
2026-05-29T21:36:26.160+02:00  INFO 13269 --- [houseoflagman] [    Test worker] com.zaxxer.hikari.HikariDataSource       : HikariPool-1 - Starting...
2026-05-29T21:36:26.221+02:00  INFO 13269 --- [houseoflagman] [    Test worker] com.zaxxer.hikari.pool.HikariPool        : HikariPool-1 - Added connection conn0: url=jdbc:h2:mem:houseoflagman user=SA
2026-05-29T21:36:26.221+02:00  INFO 13269 --- [houseoflagman] [    Test worker] com.zaxxer.hikari.HikariDataSource       : HikariPool-1 - Start completed.
2026-05-29T21:36:26.242+02:00  INFO 13269 --- [houseoflagman] [    Test worker] org.hibernate.orm.connections.pooling    : HHH10001005: Database info:
	Database JDBC URL [Connecting through datasource 'HikariDataSource (HikariPool-1)']
	Database driver: undefined/unknown
	Database version: 2.3.232
	Autocommit mode: undefined/unknown
	Isolation level: undefined/unknown
	Minimum pool size: undefined/unknown
	Maximum pool size: undefined/unknown
2026-05-29T21:36:26.558+02:00  INFO 13269 --- [houseoflagman] [    Test worker] o.h.e.t.j.p.i.JtaPlatformInitiator       : HHH000489: No JTA platform available (set 'hibernate.transaction.jta.platform' to enable JTA platform integration)
Hibernate: drop table if exists menu_category cascade 
Hibernate: drop table if exists menu_item cascade 
Hibernate: drop table if exists reservation cascade 
Hibernate: drop table if exists special_hours cascade 
Hibernate: create table menu_category (id bigint generated by default as identity, description varchar(255), name varchar(255), primary key (id))
Hibernate: create table menu_item (has_beef boolean not null, has_chicken boolean not null, has_vegetarian boolean not null, price float(53), recommended boolean not null, category_id bigint, id bigint generated by default as identity, description varchar(255), image_url varchar(255), name varchar(255), primary key (id))
Hibernate: create table reservation (date date not null, persons integer not null check ((persons>=1) and (persons<=8)), time time(6) not null, id bigint generated by default as identity, email varchar(255), name varchar(255) not null, phone varchar(255) not null, status enum ('ARRIVED','NO_SHOW','PENDING'), primary key (id))
Hibernate: create table special_hours (close_time time(6), closed boolean not null, date date, date_to date, open_time time(6), id bigint generated by default as identity, description varchar(255), primary key (id))
Hibernate: alter table if exists menu_item add constraint FKqrrmg534c9fint7sxs1tmnyou foreign key (category_id) references menu_category
2026-05-29T21:36:26.576+02:00  INFO 13269 --- [houseoflagman] [    Test worker] j.LocalContainerEntityManagerFactoryBean : Initialized JPA EntityManagerFactory for persistence unit 'default'
2026-05-29T21:36:26.717+02:00  INFO 13269 --- [houseoflagman] [    Test worker] o.s.b.a.w.s.WelcomePageHandlerMapping    : Adding welcome page template: index
2026-05-29T21:36:26.850+02:00  INFO 13269 --- [houseoflagman] [    Test worker] r$InitializeUserDetailsManagerConfigurer : Global AuthenticationManager configured with UserDetailsService bean with name userDetailsService
2026-05-29T21:36:26.950+02:00  INFO 13269 --- [houseoflagman] [    Test worker] o.s.b.a.h2.H2ConsoleAutoConfiguration    : H2 console available at '/h2-console'. Database available at 'jdbc:h2:mem:houseoflagman'
2026-05-29T21:36:26.974+02:00  INFO 13269 --- [houseoflagman] [    Test worker] h.HouseoflagmanApplicationTests          : Started HouseoflagmanApplicationTests in 1.415 seconds (process running for 1.814)
Hibernate: insert into menu_category (description,name,id) values (?,?,default)
Hibernate: insert into menu_category (description,name,id) values (?,?,default)
Hibernate: insert into menu_category (description,name,id) values (?,?,default)
Hibernate: insert into menu_category (description,name,id) values (?,?,default)
Hibernate: insert into menu_item (category_id,description,has_beef,has_chicken,has_vegetarian,image_url,name,price,recommended,id) values (?,?,?,?,?,?,?,?,?,default)
Hibernate: insert into menu_item (category_id,description,has_beef,has_chicken,has_vegetarian,image_url,name,price,recommended,id) values (?,?,?,?,?,?,?,?,?,default)
Hibernate: insert into menu_item (category_id,description,has_beef,has_chicken,has_vegetarian,image_url,name,price,recommended,id) values (?,?,?,?,?,?,?,?,?,default)
Hibernate: insert into menu_item (category_id,description,has_beef,has_chicken,has_vegetarian,image_url,name,price,recommended,id) values (?,?,?,?,?,?,?,?,?,default)
Hibernate: insert into menu_item (category_id,description,has_beef,has_chicken,has_vegetarian,image_url,name,price,recommended,id) values (?,?,?,?,?,?,?,?,?,default)
Hibernate: insert into menu_item (category_id,description,has_beef,has_chicken,has_vegetarian,image_url,name,price,recommended,id) values (?,?,?,?,?,?,?,?,?,default)
Hibernate: insert into menu_item (category_id,description,has_beef,has_chicken,has_vegetarian,image_url,name,price,recommended,id) values (?,?,?,?,?,?,?,?,?,default)
Hibernate: insert into menu_item (category_id,description,has_beef,has_chicken,has_vegetarian,image_url,name,price,recommended,id) values (?,?,?,?,?,?,?,?,?,default)
Hibernate: insert into menu_item (category_id,description,has_beef,has_chicken,has_vegetarian,image_url,name,price,recommended,id) values (?,?,?,?,?,?,?,?,?,default)
Hibernate: insert into menu_item (category_id,description,has_beef,has_chicken,has_vegetarian,image_url,name,price,recommended,id) values (?,?,?,?,?,?,?,?,?,default)
Hibernate: insert into menu_item (category_id,description,has_beef,has_chicken,has_vegetarian,image_url,name,price,recommended,id) values (?,?,?,?,?,?,?,?,?,default)
]]></system-out>
  <system-err><![CDATA[Mockito is currently self-attaching to enable the inline-mock-maker. This will no longer work in future releases of the JDK. Please add Mockito as an agent to your build as described in Mockito's documentation: https://javadoc.io/doc/org.mockito/mockito-core/latest/org.mockito/org/mockito/Mockito.html#0.3
WARNING: A Java agent has been loaded dynamically (/Users/aysesoy/.gradle/caches/modules-2/files-2.1/net.bytebuddy/byte-buddy-agent/1.17.8/f09415827a71be7ed621c7bd02550678f28bc81c/byte-buddy-agent-1.17.8.jar)
WARNING: If a serviceability tool is in use, please run with -XX:+EnableDynamicAgentLoading to hide this warning
WARNING: If a serviceability tool is not in use, please run with -Djdk.instrument.traceUsage for more information
WARNING: Dynamic loading of agents will be disallowed by default in a future release
]]></system-err>
</testsuite>
