<?xml version="1.0" encoding="UTF-8"?>
<testsuite name="houseoflagman.e2e.ReservationE2ETest" tests="2" skipped="0" failures="0" errors="0" timestamp="2026-05-29T19:36:28.089Z" hostname="MacBook-Pro-von-Ayse.local" time="0.385">
  <properties/>
  <testcase name="startseite_isAccessible()" classname="houseoflagman.e2e.ReservationE2ETest" time="0.347"/>
  <testcase name="reservierenSeite_isAccessible()" classname="houseoflagman.e2e.ReservationE2ETest" time="0.037"/>
  <system-out><![CDATA[2026-05-29T21:36:27.733+02:00  INFO 13269 --- [houseoflagman] [    Test worker] t.c.s.AnnotationConfigContextLoaderUtils : Could not detect default configuration classes for test class [houseoflagman.e2e.ReservationE2ETest]: ReservationE2ETest does not declare any static, non-private, non-final, nested classes annotated with @Configuration.
2026-05-29T21:36:27.735+02:00  INFO 13269 --- [houseoflagman] [    Test worker] .b.t.c.SpringBootTestContextBootstrapper : Found @SpringBootConfiguration houseoflagman.HouseoflagmanApplication for test class houseoflagman.e2e.ReservationE2ETest

  .   ____          _            __ _ _
 /\\ / ___'_ __ _ _(_)_ __  __ _ \ \ \ \
( ( )\___ | '_ | '_| | '_ \/ _` | \ \ \ \
 \\/  ___)| |_)| | | | | || (_| |  ) ) ) )
  '  |____| .__|_| |_|_| |_\__, | / / / /
 =========|_|==============|___/=/_/_/_/

 :: Spring Boot ::               (v3.5.14)

2026-05-29T21:36:27.749+02:00  INFO 13269 --- [houseoflagman] [    Test worker] houseoflagman.e2e.ReservationE2ETest     : Starting ReservationE2ETest using Java 21.0.11 with PID 13269 (started by aysesoy in /Users/aysesoy/Downloads/houseoflagman)
2026-05-29T21:36:27.749+02:00  INFO 13269 --- [houseoflagman] [    Test worker] houseoflagman.e2e.ReservationE2ETest     : No active profile set, falling back to 1 default profile: "default"
2026-05-29T21:36:27.797+02:00  INFO 13269 --- [houseoflagman] [    Test worker] .s.d.r.c.RepositoryConfigurationDelegate : Bootstrapping Spring Data JPA repositories in DEFAULT mode.
2026-05-29T21:36:27.802+02:00  INFO 13269 --- [houseoflagman] [    Test worker] .s.d.r.c.RepositoryConfigurationDelegate : Finished Spring Data repository scanning in 4 ms. Found 4 JPA repository interfaces.
2026-05-29T21:36:27.864+02:00  INFO 13269 --- [houseoflagman] [    Test worker] o.s.b.w.embedded.tomcat.TomcatWebServer  : Tomcat initialized with port 0 (http)
2026-05-29T21:36:27.870+02:00  INFO 13269 --- [houseoflagman] [    Test worker] o.apache.catalina.core.StandardService   : Starting service [Tomcat]
2026-05-29T21:36:27.870+02:00  INFO 13269 --- [houseoflagman] [    Test worker] o.apache.catalina.core.StandardEngine    : Starting Servlet engine: [Apache Tomcat/10.1.54]
2026-05-29T21:36:27.886+02:00  INFO 13269 --- [houseoflagman] [    Test worker] o.a.c.c.C.[Tomcat].[localhost].[/]       : Initializing Spring embedded WebApplicationContext
2026-05-29T21:36:27.886+02:00  INFO 13269 --- [houseoflagman] [    Test worker] w.s.c.ServletWebServerApplicationContext : Root WebApplicationContext: initialization completed in 136 ms
Standard Commons Logging discovery in action with spring-jcl: please remove commons-logging.jar from classpath in order to avoid potential conflicts
2026-05-29T21:36:27.908+02:00  INFO 13269 --- [houseoflagman] [    Test worker] o.hibernate.jpa.internal.util.LogHelper  : HHH000204: Processing PersistenceUnitInfo [name: default]
2026-05-29T21:36:27.908+02:00  INFO 13269 --- [houseoflagman] [    Test worker] o.h.c.internal.RegionFactoryInitiator    : HHH000026: Second-level cache disabled
2026-05-29T21:36:27.911+02:00  INFO 13269 --- [houseoflagman] [    Test worker] o.s.o.j.p.SpringPersistenceUnitInfo      : No LoadTimeWeaver setup: ignoring JPA class transformer
2026-05-29T21:36:27.911+02:00  INFO 13269 --- [houseoflagman] [    Test worker] com.zaxxer.hikari.HikariDataSource       : HikariPool-3 - Starting...
2026-05-29T21:36:27.911+02:00  INFO 13269 --- [houseoflagman] [    Test worker] com.zaxxer.hikari.pool.HikariPool        : HikariPool-3 - Added connection conn20: url=jdbc:h2:mem:houseoflagman user=SA
2026-05-29T21:36:27.911+02:00  INFO 13269 --- [houseoflagman] [    Test worker] com.zaxxer.hikari.HikariDataSource       : HikariPool-3 - Start completed.
2026-05-29T21:36:27.912+02:00  INFO 13269 --- [houseoflagman] [    Test worker] org.hibernate.orm.connections.pooling    : HHH10001005: Database info:
	Database JDBC URL [Connecting through datasource 'HikariDataSource (HikariPool-3)']
	Database driver: undefined/unknown
	Database version: 2.3.232
	Autocommit mode: undefined/unknown
	Isolation level: undefined/unknown
	Minimum pool size: undefined/unknown
	Maximum pool size: undefined/unknown
2026-05-29T21:36:27.928+02:00  INFO 13269 --- [houseoflagman] [    Test worker] o.h.e.t.j.p.i.JtaPlatformInitiator       : HHH000489: No JTA platform available (set 'hibernate.transaction.jta.platform' to enable JTA platform integration)
Hibernate: drop table if exists menu_category cascade 
Hibernate: drop table if exists menu_item cascade 
Hibernate: drop table if exists reservation cascade 
Hibernate: drop table if exists special_hours cascade 
Hibernate: create table menu_category (id bigint generated by default as identity, description varchar(255), name varchar(255), primary key (id))
Hibernate: create table menu_item (has_beef boolean not null, has_chicken boolean not null, has_vegetarian boolean not null, price float(53), recommended boolean not null, category_id bigint, id bigint generated by default as identity, description varchar(255), image_url varchar(255), name varchar(255), primary key (id))
Hibernate: create table reservation (date date not null, persons integer not null check ((persons>=1) and (persons<=8)), time time(6) not null, id bigint generated by default as identity, email varchar(255), name varchar(255) not null, phone varchar(255) not null, status enum ('ARRIVED','NO_SHOW','PENDING'), primary key (id))
Hibernate: create table special_hours (close_time time(6), closed boolean not null, date date, date_to date, open_time time(6), id bigint generated by default as identity, description varchar(255), primary key (id))
Hibernate: alter table if exists menu_item add constraint FKqrrmg534c9fint7sxs1tmnyou foreign key (category_id) references menu_category
2026-05-29T21:36:27.932+02:00  INFO 13269 --- [houseoflagman] [    Test worker] j.LocalContainerEntityManagerFactoryBean : Initialized JPA EntityManagerFactory for persistence unit 'default'
2026-05-29T21:36:27.952+02:00  INFO 13269 --- [houseoflagman] [    Test worker] o.s.b.a.w.s.WelcomePageHandlerMapping    : Adding welcome page template: index
2026-05-29T21:36:28.039+02:00  INFO 13269 --- [houseoflagman] [    Test worker] r$InitializeUserDetailsManagerConfigurer : Global AuthenticationManager configured with UserDetailsService bean with name userDetailsService
2026-05-29T21:36:28.051+02:00  INFO 13269 --- [houseoflagman] [    Test worker] o.s.b.a.h2.H2ConsoleAutoConfiguration    : H2 console available at '/h2-console'. Database available at 'jdbc:h2:mem:houseoflagman'
2026-05-29T21:36:28.078+02:00  INFO 13269 --- [houseoflagman] [    Test worker] o.s.b.w.embedded.tomcat.TomcatWebServer  : Tomcat started on port 53186 (http) with context path '/'
2026-05-29T21:36:28.079+02:00  INFO 13269 --- [houseoflagman] [    Test worker] houseoflagman.e2e.ReservationE2ETest     : Started ReservationE2ETest in 0.343 seconds (process running for 2.919)
Hibernate: insert into menu_category (description,name,id) values (?,?,default)
Hibernate: insert into menu_category (description,name,id) values (?,?,default)
Hibernate: insert into menu_category (description,name,id) values (?,?,default)
Hibernate: insert into menu_category (description,name,id) values (?,?,default)
Hibernate: insert into menu_item (category_id,description,has_beef,has_chicken,has_vegetarian,image_url,name,price,recommended,id) values (?,?,?,?,?,?,?,?,?,default)
Hibernate: insert into menu_item (category_id,description,has_beef,has_chicken,has_vegetarian,image_url,name,price,recommended,id) values (?,?,?,?,?,?,?,?,?,default)
Hibernate: insert into menu_item (category_id,description,has_beef,has_chicken,has_vegetarian,image_url,name,price,recommended,id) values (?,?,?,?,?,?,?,?,?,default)
Hibernate: insert into menu_item (category_id,description,has_beef,has_chicken,has_vegetarian,image_url,name,price,recommended,id) values (?,?,?,?,?,?,?,?,?,default)
Hibernate: insert into menu_item (category_id,description,has_beef,has_chicken,has_vegetarian,image_url,name,price,recommended,id) values (?,?,?,?,?,?,?,?,?,default)
Hibernate: insert into menu_item (category_id,description,has_beef,has_chicken,has_vegetarian,image_url,name,price,recommended,id) values (?,?,?,?,?,?,?,?,?,default)
Hibernate: insert into menu_item (category_id,description,has_beef,has_chicken,has_vegetarian,image_url,name,price,recommended,id) values (?,?,?,?,?,?,?,?,?,default)
Hibernate: insert into menu_item (category_id,description,has_beef,has_chicken,has_vegetarian,image_url,name,price,recommended,id) values (?,?,?,?,?,?,?,?,?,default)
Hibernate: insert into menu_item (category_id,description,has_beef,has_chicken,has_vegetarian,image_url,name,price,recommended,id) values (?,?,?,?,?,?,?,?,?,default)
Hibernate: insert into menu_item (category_id,description,has_beef,has_chicken,has_vegetarian,image_url,name,price,recommended,id) values (?,?,?,?,?,?,?,?,?,default)
Hibernate: insert into menu_item (category_id,description,has_beef,has_chicken,has_vegetarian,image_url,name,price,recommended,id) values (?,?,?,?,?,?,?,?,?,default)
2026-05-29T21:36:28.333+02:00  INFO 13269 --- [houseoflagman] [o-auto-1-exec-1] o.a.c.c.C.[Tomcat].[localhost].[/]       : Initializing Spring DispatcherServlet 'dispatcherServlet'
2026-05-29T21:36:28.333+02:00  INFO 13269 --- [houseoflagman] [o-auto-1-exec-1] o.s.web.servlet.DispatcherServlet        : Initializing Servlet 'dispatcherServlet'
2026-05-29T21:36:28.334+02:00  INFO 13269 --- [houseoflagman] [o-auto-1-exec-1] o.s.web.servlet.DispatcherServlet        : Completed initialization in 1 ms
Hibernate: select sh1_0.id,sh1_0.close_time,sh1_0.closed,sh1_0.date,sh1_0.date_to,sh1_0.description,sh1_0.open_time from special_hours sh1_0
]]></system-out>
  <system-err><![CDATA[]]></system-err>
</testsuite>
