<?xml version="1.0" encoding="UTF-8"?>
<testsuite name="houseoflagman.controller.ReservationControllerIntegrationTest" tests="2" skipped="0" failures="0" errors="0" timestamp="2026-05-29T19:36:27.512Z" hostname="MacBook-Pro-von-Ayse.local" time="0.217">
  <properties/>
  <testcase name="reservierenPage_returnsOk()" classname="houseoflagman.controller.ReservationControllerIntegrationTest" time="0.19"/>
  <testcase name="submitReservation_withInvalidData_returnsFormWithErrors()" classname="houseoflagman.controller.ReservationControllerIntegrationTest" time="0.027"/>
  <system-out><![CDATA[2026-05-29T21:36:27.234+02:00  INFO 13269 --- [houseoflagman] [    Test worker] t.c.s.AnnotationConfigContextLoaderUtils : Could not detect default configuration classes for test class [houseoflagman.controller.ReservationControllerIntegrationTest]: ReservationControllerIntegrationTest does not declare any static, non-private, non-final, nested classes annotated with @Configuration.
2026-05-29T21:36:27.239+02:00  INFO 13269 --- [houseoflagman] [    Test worker] .b.t.c.SpringBootTestContextBootstrapper : Found @SpringBootConfiguration houseoflagman.HouseoflagmanApplication for test class houseoflagman.controller.ReservationControllerIntegrationTest

  .   ____          _            __ _ _
 /\\ / ___'_ __ _ _(_)_ __  __ _ \ \ \ \
( ( )\___ | '_ | '_| | '_ \/ _` | \ \ \ \
 \\/  ___)| |_)| | | | | || (_| |  ) ) ) )
  '  |____| .__|_| |_|_| |_\__, | / / / /
 =========|_|==============|___/=/_/_/_/

 :: Spring Boot ::               (v3.5.14)

2026-05-29T21:36:27.248+02:00  INFO 13269 --- [houseoflagman] [    Test worker] h.c.ReservationControllerIntegrationTest : Starting ReservationControllerIntegrationTest using Java 21.0.11 with PID 13269 (started by aysesoy in /Users/aysesoy/Downloads/houseoflagman)
2026-05-29T21:36:27.248+02:00  INFO 13269 --- [houseoflagman] [    Test worker] h.c.ReservationControllerIntegrationTest : No active profile set, falling back to 1 default profile: "default"
2026-05-29T21:36:27.293+02:00  INFO 13269 --- [houseoflagman] [    Test worker] .s.d.r.c.RepositoryConfigurationDelegate : Bootstrapping Spring Data JPA repositories in DEFAULT mode.
2026-05-29T21:36:27.297+02:00  INFO 13269 --- [houseoflagman] [    Test worker] .s.d.r.c.RepositoryConfigurationDelegate : Finished Spring Data repository scanning in 3 ms. Found 4 JPA repository interfaces.
2026-05-29T21:36:27.325+02:00  INFO 13269 --- [houseoflagman] [    Test worker] o.hibernate.jpa.internal.util.LogHelper  : HHH000204: Processing PersistenceUnitInfo [name: default]
2026-05-29T21:36:27.325+02:00  INFO 13269 --- [houseoflagman] [    Test worker] o.h.c.internal.RegionFactoryInitiator    : HHH000026: Second-level cache disabled
2026-05-29T21:36:27.328+02:00  INFO 13269 --- [houseoflagman] [    Test worker] o.s.o.j.p.SpringPersistenceUnitInfo      : No LoadTimeWeaver setup: ignoring JPA class transformer
2026-05-29T21:36:27.328+02:00  INFO 13269 --- [houseoflagman] [    Test worker] com.zaxxer.hikari.HikariDataSource       : HikariPool-2 - Starting...
2026-05-29T21:36:27.328+02:00  INFO 13269 --- [houseoflagman] [    Test worker] com.zaxxer.hikari.pool.HikariPool        : HikariPool-2 - Added connection conn10: url=jdbc:h2:mem:houseoflagman user=SA
2026-05-29T21:36:27.328+02:00  INFO 13269 --- [houseoflagman] [    Test worker] com.zaxxer.hikari.HikariDataSource       : HikariPool-2 - Start completed.
2026-05-29T21:36:27.329+02:00  INFO 13269 --- [houseoflagman] [    Test worker] org.hibernate.orm.connections.pooling    : HHH10001005: Database info:
	Database JDBC URL [Connecting through datasource 'HikariDataSource (HikariPool-2)']
	Database driver: undefined/unknown
	Database version: 2.3.232
	Autocommit mode: undefined/unknown
	Isolation level: undefined/unknown
	Minimum pool size: undefined/unknown
	Maximum pool size: undefined/unknown
2026-05-29T21:36:27.350+02:00  INFO 13269 --- [houseoflagman] [    Test worker] o.h.e.t.j.p.i.JtaPlatformInitiator       : HHH000489: No JTA platform available (set 'hibernate.transaction.jta.platform' to enable JTA platform integration)
Hibernate: drop table if exists menu_category cascade 
Hibernate: drop table if exists menu_item cascade 
Hibernate: drop table if exists reservation cascade 
Hibernate: drop table if exists special_hours cascade 
Hibernate: create table menu_category (id bigint generated by default as identity, description varchar(255), name varchar(255), primary key (id))
Hibernate: create table menu_item (has_beef boolean not null, has_chicken boolean not null, has_vegetarian boolean not null, price float(53), recommended boolean not null, category_id bigint, id bigint generated by default as identity, description varchar(255), image_url varchar(255), name varchar(255), primary key (id))
Hibernate: create table reservation (date date not null, persons integer not null check ((persons>=1) and (persons<=8)), time time(6) not null, id bigint generated by default as identity, email varchar(255), name varchar(255) not null, phone varchar(255) not null, status enum ('ARRIVED','NO_SHOW','PENDING'), primary key (id))
Hibernate: create table special_hours (close_time time(6), closed boolean not null, date date, date_to date, open_time time(6), id bigint generated by default as identity, description varchar(255), primary key (id))
Hibernate: alter table if exists menu_item add constraint FKqrrmg534c9fint7sxs1tmnyou foreign key (category_id) references menu_category
2026-05-29T21:36:27.355+02:00  INFO 13269 --- [houseoflagman] [    Test worker] j.LocalContainerEntityManagerFactoryBean : Initialized JPA EntityManagerFactory for persistence unit 'default'
2026-05-29T21:36:27.387+02:00  INFO 13269 --- [houseoflagman] [    Test worker] o.s.b.a.w.s.WelcomePageHandlerMapping    : Adding welcome page template: index
2026-05-29T21:36:27.463+02:00  INFO 13269 --- [houseoflagman] [    Test worker] r$InitializeUserDetailsManagerConfigurer : Global AuthenticationManager configured with UserDetailsService bean with name userDetailsService
2026-05-29T21:36:27.482+02:00  INFO 13269 --- [houseoflagman] [    Test worker] o.s.b.a.h2.H2ConsoleAutoConfiguration    : H2 console available at '/h2-console'. Database available at 'jdbc:h2:mem:houseoflagman'
2026-05-29T21:36:27.497+02:00  INFO 13269 --- [houseoflagman] [    Test worker] o.s.b.t.m.w.SpringBootMockServletContext : Initializing Spring TestDispatcherServlet ''
2026-05-29T21:36:27.497+02:00  INFO 13269 --- [houseoflagman] [    Test worker] o.s.t.web.servlet.TestDispatcherServlet  : Initializing Servlet ''
2026-05-29T21:36:27.498+02:00  INFO 13269 --- [houseoflagman] [    Test worker] o.s.t.web.servlet.TestDispatcherServlet  : Completed initialization in 1 ms
2026-05-29T21:36:27.502+02:00  INFO 13269 --- [houseoflagman] [    Test worker] h.c.ReservationControllerIntegrationTest : Started ReservationControllerIntegrationTest in 0.262 seconds (process running for 2.342)
Hibernate: insert into menu_category (description,name,id) values (?,?,default)
Hibernate: insert into menu_category (description,name,id) values (?,?,default)
Hibernate: insert into menu_category (description,name,id) values (?,?,default)
Hibernate: insert into menu_category (description,name,id) values (?,?,default)
Hibernate: insert into menu_item (category_id,description,has_beef,has_chicken,has_vegetarian,image_url,name,price,recommended,id) values (?,?,?,?,?,?,?,?,?,default)
Hibernate: insert into menu_item (category_id,description,has_beef,has_chicken,has_vegetarian,image_url,name,price,recommended,id) values (?,?,?,?,?,?,?,?,?,default)
Hibernate: insert into menu_item (category_id,description,has_beef,has_chicken,has_vegetarian,image_url,name,price,recommended,id) values (?,?,?,?,?,?,?,?,?,default)
Hibernate: insert into menu_item (category_id,description,has_beef,has_chicken,has_vegetarian,image_url,name,price,recommended,id) values (?,?,?,?,?,?,?,?,?,default)
Hibernate: insert into menu_item (category_id,description,has_beef,has_chicken,has_vegetarian,image_url,name,price,recommended,id) values (?,?,?,?,?,?,?,?,?,default)
Hibernate: insert into menu_item (category_id,description,has_beef,has_chicken,has_vegetarian,image_url,name,price,recommended,id) values (?,?,?,?,?,?,?,?,?,default)
Hibernate: insert into menu_item (category_id,description,has_beef,has_chicken,has_vegetarian,image_url,name,price,recommended,id) values (?,?,?,?,?,?,?,?,?,default)
Hibernate: insert into menu_item (category_id,description,has_beef,has_chicken,has_vegetarian,image_url,name,price,recommended,id) values (?,?,?,?,?,?,?,?,?,default)
Hibernate: insert into menu_item (category_id,description,has_beef,has_chicken,has_vegetarian,image_url,name,price,recommended,id) values (?,?,?,?,?,?,?,?,?,default)
Hibernate: insert into menu_item (category_id,description,has_beef,has_chicken,has_vegetarian,image_url,name,price,recommended,id) values (?,?,?,?,?,?,?,?,?,default)
Hibernate: insert into menu_item (category_id,description,has_beef,has_chicken,has_vegetarian,image_url,name,price,recommended,id) values (?,?,?,?,?,?,?,?,?,default)
Hibernate: select sh1_0.id,sh1_0.close_time,sh1_0.closed,sh1_0.date,sh1_0.date_to,sh1_0.description,sh1_0.open_time from special_hours sh1_0
Hibernate: select sh1_0.id,sh1_0.close_time,sh1_0.closed,sh1_0.date,sh1_0.date_to,sh1_0.description,sh1_0.open_time from special_hours sh1_0
]]></system-out>
  <system-err><![CDATA[]]></system-err>
</testsuite>
